Determining if the pthread_create exist failed with the following output:
Change Dir: /home/zhamao/SlambookPractice/ch5/build/CMakeFiles/CMakeTmp

Run Build Command:"/usr/bin/make" "cmTC_70ab3/fast"
/usr/bin/make -f CMakeFiles/cmTC_70ab3.dir/build.make CMakeFiles/cmTC_70ab3.dir/build
make[1]: Entering directory '/home/zhamao/SlambookPractice/ch5/build/CMakeFiles/CMakeTmp'
Building C object CMakeFiles/cmTC_70ab3.dir/CheckSymbolExists.c.o
/usr/bin/clang-3.8     -o CMakeFiles/cmTC_70ab3.dir/CheckSymbolExists.c.o   -c /home/zhamao/SlambookPractice/ch5/build/CMakeFiles/CMakeTmp/CheckSymbolExists.c
Linking C executable cmTC_70ab3
/usr/bin/cmake -E cmake_link_script CMakeFiles/cmTC_70ab3.dir/link.txt --verbose=1
/usr/bin/clang-3.8       CMakeFiles/cmTC_70ab3.dir/CheckSymbolExists.c.o  -o cmTC_70ab3 -rdynamic 
CMakeFiles/cmTC_70ab3.dir/CheckSymbolExists.c.o：在函数‘main’中：
/home/zhamao/SlambookPractice/ch5/build/CMakeFiles/CMakeTmp/CheckSymbolExists.c:(.text+0x19)：对‘pthread_create’未定义的引用
clang: error: linker command failed with exit code 1 (use -v to see invocation)
CMakeFiles/cmTC_70ab3.dir/build.make:97: recipe for target 'cmTC_70ab3' failed
make[1]: *** [cmTC_70ab3] Error 1
make[1]: Leaving directory '/home/zhamao/SlambookPractice/ch5/build/CMakeFiles/CMakeTmp'
Makefile:126: recipe for target 'cmTC_70ab3/fast' failed
make: *** [cmTC_70ab3/fast] Error 2

File /home/zhamao/SlambookPractice/ch5/build/CMakeFiles/CMakeTmp/CheckSymbolExists.c:
/* */
#include <pthread.h>

int main(int argc, char** argv)
{
  (void)argv;
#ifndef pthread_create
  return ((int*)(&pthread_create))[argc];
#else
  (void)argc;
  return 0;
#endif
}

Determining if the function pthread_create exists in the pthreads failed with the following output:
Change Dir: /home/zhamao/SlambookPractice/ch5/build/CMakeFiles/CMakeTmp

Run Build Command:"/usr/bin/make" "cmTC_e66ea/fast"
/usr/bin/make -f CMakeFiles/cmTC_e66ea.dir/build.make CMakeFiles/cmTC_e66ea.dir/build
make[1]: Entering directory '/home/zhamao/SlambookPractice/ch5/build/CMakeFiles/CMakeTmp'
Building C object CMakeFiles/cmTC_e66ea.dir/CheckFunctionExists.c.o
/usr/bin/clang-3.8    -DCHECK_FUNCTION_EXISTS=pthread_create   -o CMakeFiles/cmTC_e66ea.dir/CheckFunctionExists.c.o   -c /usr/share/cmake-3.5/Modules/CheckFunctionExists.c
Linking C executable cmTC_e66ea
/usr/bin/cmake -E cmake_link_script CMakeFiles/cmTC_e66ea.dir/link.txt --verbose=1
/usr/bin/clang-3.8   -DCHECK_FUNCTION_EXISTS=pthread_create    CMakeFiles/cmTC_e66ea.dir/CheckFunctionExists.c.o  -o cmTC_e66ea -rdynamic -lpthreads 
/usr/bin/ld: 找不到 -lpthreads
clang: error: linker command failed with exit code 1 (use -v to see invocation)
CMakeFiles/cmTC_e66ea.dir/build.make:97: recipe for target 'cmTC_e66ea' failed
make[1]: *** [cmTC_e66ea] Error 1
make[1]: Leaving directory '/home/zhamao/SlambookPractice/ch5/build/CMakeFiles/CMakeTmp'
Makefile:126: recipe for target 'cmTC_e66ea/fast' failed
make: *** [cmTC_e66ea/fast] Error 2


